  1.cpp
C:\Users\Summer\Desktop\training\练习.c\1.cpp(76,9): warning C4477: “printf”: 格式字符串“%d”需要类型“int”的参数，但可变参数 1 拥有了类型“size_t”
      C:\Users\Summer\Desktop\training\练习.c\1.cpp(76,9):
      请考虑在格式字符串中使用“%zd”
  
C:\Users\Summer\Desktop\training\练习.c\1.cpp(77,9): warning C4477: “printf”: 格式字符串“%d”需要类型“int”的参数，但可变参数 1 拥有了类型“size_t”
      C:\Users\Summer\Desktop\training\练习.c\1.cpp(77,9):
      请考虑在格式字符串中使用“%zd”
  
C:\Users\Summer\Desktop\training\练习.c\1.cpp(78,9): warning C4477: “printf”: 格式字符串“%d”需要类型“int”的参数，但可变参数 1 拥有了类型“size_t”
      C:\Users\Summer\Desktop\training\练习.c\1.cpp(78,9):
      请考虑在格式字符串中使用“%zd”
  
C:\Users\Summer\Desktop\training\练习.c\1.cpp(79,9): warning C4477: “printf”: 格式字符串“%d”需要类型“int”的参数，但可变参数 1 拥有了类型“size_t”
      C:\Users\Summer\Desktop\training\练习.c\1.cpp(79,9):
      请考虑在格式字符串中使用“%zd”
  
C:\Users\Summer\Desktop\training\练习.c\1.cpp(80,9): warning C4477: “printf”: 格式字符串“%d”需要类型“int”的参数，但可变参数 1 拥有了类型“size_t”
      C:\Users\Summer\Desktop\training\练习.c\1.cpp(80,9):
      请考虑在格式字符串中使用“%zd”
  
C:\Users\Summer\Desktop\training\练习.c\1.cpp(81,9): warning C4477: “printf”: 格式字符串“%d”需要类型“int”的参数，但可变参数 1 拥有了类型“size_t”
      C:\Users\Summer\Desktop\training\练习.c\1.cpp(81,9):
      请考虑在格式字符串中使用“%zd”
  
C:\Users\Summer\Desktop\training\练习.c\1.cpp(82,9): warning C4477: “printf”: 格式字符串“%d”需要类型“int”的参数，但可变参数 1 拥有了类型“size_t”
      C:\Users\Summer\Desktop\training\练习.c\1.cpp(82,9):
      请考虑在格式字符串中使用“%zd”
  
  练习.c.vcxproj -> C:\Users\Summer\Desktop\training\练习.c\x64\Debug\练习.c.exe
